<?xml version="1.0" encoding="UTF-8"?>
<testsuite name="com.trilogyed.rewardsservice.RewardsServiceApplicationTests" tests="1" skipped="0" failures="0" errors="0" timestamp="2019-10-07T19:59:09" hostname="LAPTOP-RSD5E9N1" time="0.054">
  <properties/>
  <testcase name="contextLoads" classname="com.trilogyed.rewardsservice.RewardsServiceApplicationTests" time="0.054"/>
  <system-out><![CDATA[15:59:02.885 [Test worker] DEBUG org.springframework.test.context.junit4.SpringJUnit4ClassRunner - SpringJUnit4ClassRunner constructor called with [class com.trilogyed.rewardsservice.RewardsServiceApplicationTests]
15:59:02.891 [Test worker] DEBUG org.springframework.test.context.BootstrapUtils - Instantiating CacheAwareContextLoaderDelegate from class [org.springframework.test.context.cache.DefaultCacheAwareContextLoaderDelegate]
15:59:02.900 [Test worker] DEBUG org.springframework.test.context.BootstrapUtils - Instantiating BootstrapContext using constructor [public org.springframework.test.context.support.DefaultBootstrapContext(java.lang.Class,org.springframework.test.context.CacheAwareContextLoaderDelegate)]
15:59:02.915 [Test worker] DEBUG org.springframework.test.context.BootstrapUtils - Instantiating TestContextBootstrapper for test class [com.trilogyed.rewardsservice.RewardsServiceApplicationTests] from class [org.springframework.boot.test.context.SpringBootTestContextBootstrapper]
15:59:02.929 [Test worker] INFO org.springframework.boot.test.context.SpringBootTestContextBootstrapper - Neither @ContextConfiguration nor @ContextHierarchy found for test class [com.trilogyed.rewardsservice.RewardsServiceApplicationTests], using SpringBootContextLoader
15:59:02.932 [Test worker] DEBUG org.springframework.test.context.support.AbstractContextLoader - Did not detect default resource location for test class [com.trilogyed.rewardsservice.RewardsServiceApplicationTests]: class path resource [com/trilogyed/rewardsservice/RewardsServiceApplicationTests-context.xml] does not exist
15:59:02.932 [Test worker] DEBUG org.springframework.test.context.support.AbstractContextLoader - Did not detect default resource location for test class [com.trilogyed.rewardsservice.RewardsServiceApplicationTests]: class path resource [com/trilogyed/rewardsservice/RewardsServiceApplicationTestsContext.groovy] does not exist
15:59:02.933 [Test worker] INFO org.springframework.test.context.support.AbstractContextLoader - Could not detect default resource locations for test class [com.trilogyed.rewardsservice.RewardsServiceApplicationTests]: no resource found for suffixes {-context.xml, Context.groovy}.
15:59:02.933 [Test worker] INFO org.springframework.test.context.support.AnnotationConfigContextLoaderUtils - Could not detect default configuration classes for test class [com.trilogyed.rewardsservice.RewardsServiceApplicationTests]: RewardsServiceApplicationTests does not declare any static, non-private, non-final, nested classes annotated with @Configuration.
15:59:02.975 [Test worker] DEBUG org.springframework.test.context.support.ActiveProfilesUtils - Could not find an 'annotation declaring class' for annotation type [org.springframework.test.context.ActiveProfiles] and class [com.trilogyed.rewardsservice.RewardsServiceApplicationTests]
15:59:03.034 [Test worker] DEBUG org.springframework.context.annotation.ClassPathScanningCandidateComponentProvider - Identified candidate component class: file [C:\Users\Patrick Hussey\Documents\HotelBookingService\hotel-booking-project\rewards-service\build\classes\java\main\com\trilogyed\rewardsservice\RewardsServiceApplication.class]
15:59:03.036 [Test worker] INFO org.springframework.boot.test.context.SpringBootTestContextBootstrapper - Found @SpringBootConfiguration com.trilogyed.rewardsservice.RewardsServiceApplication for test class com.trilogyed.rewardsservice.RewardsServiceApplicationTests
15:59:03.159 [Test worker] DEBUG org.springframework.boot.test.context.SpringBootTestContextBootstrapper - @TestExecutionListeners is not present for class [com.trilogyed.rewardsservice.RewardsServiceApplicationTests]: using defaults.
15:59:03.160 [Test worker] INFO org.springframework.boot.test.context.SpringBootTestContextBootstrapper - Loaded default TestExecutionListener class names from location [META-INF/spring.factories]: [org.springframework.boot.test.autoconfigure.restdocs.RestDocsTestExecutionListener, org.springframework.boot.test.autoconfigure.web.client.MockRestServiceServerResetTestExecutionListener, org.springframework.boot.test.autoconfigure.web.servlet.MockMvcPrintOnlyOnFailureTestExecutionListener, org.springframework.boot.test.autoconfigure.web.servlet.WebDriverTestExecutionListener, org.springframework.boot.test.mock.mockito.MockitoTestExecutionListener, org.springframework.boot.test.mock.mockito.ResetMocksTestExecutionListener, org.springframework.test.context.web.ServletTestExecutionListener, org.springframework.test.context.support.DirtiesContextBeforeModesTestExecutionListener, org.springframework.test.context.support.DependencyInjectionTestExecutionListener, org.springframework.test.context.support.DirtiesContextTestExecutionListener, org.springframework.test.context.transaction.TransactionalTestExecutionListener, org.springframework.test.context.jdbc.SqlScriptsTestExecutionListener]
15:59:03.177 [Test worker] INFO org.springframework.boot.test.context.SpringBootTestContextBootstrapper - Using TestExecutionListeners: [org.springframework.test.context.web.ServletTestExecutionListener@4c4bf71c, org.springframework.test.context.support.DirtiesContextBeforeModesTestExecutionListener@21363f58, org.springframework.boot.test.mock.mockito.MockitoTestExecutionListener@142feb33, org.springframework.boot.test.autoconfigure.SpringBootDependencyInjectionTestExecutionListener@1d89f97a, org.springframework.test.context.support.DirtiesContextTestExecutionListener@e690ec0, org.springframework.test.context.transaction.TransactionalTestExecutionListener@1eb52caa, org.springframework.test.context.jdbc.SqlScriptsTestExecutionListener@75a83a3c, org.springframework.boot.test.autoconfigure.restdocs.RestDocsTestExecutionListener@27384fda, org.springframework.boot.test.autoconfigure.web.client.MockRestServiceServerResetTestExecutionListener@61e15af3, org.springframework.boot.test.autoconfigure.web.servlet.MockMvcPrintOnlyOnFailureTestExecutionListener@5606ea19, org.springframework.boot.test.autoconfigure.web.servlet.WebDriverTestExecutionListener@62cb533f, org.springframework.boot.test.mock.mockito.ResetMocksTestExecutionListener@7688623]
15:59:03.179 [Test worker] DEBUG org.springframework.test.annotation.ProfileValueUtils - Retrieved @ProfileValueSourceConfiguration [null] for test class [com.trilogyed.rewardsservice.RewardsServiceApplicationTests]
15:59:03.180 [Test worker] DEBUG org.springframework.test.annotation.ProfileValueUtils - Retrieved ProfileValueSource type [class org.springframework.test.annotation.SystemProfileValueSource] for class [com.trilogyed.rewardsservice.RewardsServiceApplicationTests]
15:59:03.180 [Test worker] DEBUG org.springframework.test.annotation.ProfileValueUtils - Retrieved @ProfileValueSourceConfiguration [null] for test class [com.trilogyed.rewardsservice.RewardsServiceApplicationTests]
15:59:03.180 [Test worker] DEBUG org.springframework.test.annotation.ProfileValueUtils - Retrieved ProfileValueSource type [class org.springframework.test.annotation.SystemProfileValueSource] for class [com.trilogyed.rewardsservice.RewardsServiceApplicationTests]
15:59:03.184 [Test worker] DEBUG org.springframework.test.context.support.AbstractDirtiesContextTestExecutionListener - Before test class: context [DefaultTestContext@5a3114d0 testClass = RewardsServiceApplicationTests, testInstance = [null], testMethod = [null], testException = [null], mergedContextConfiguration = [WebMergedContextConfiguration@6b4a166f testClass = RewardsServiceApplicationTests, locations = '{}', classes = '{class com.trilogyed.rewardsservice.RewardsServiceApplication}', contextInitializerClasses = '[]', activeProfiles = '{}', propertySourceLocations = '{}', propertySourceProperties = '{org.springframework.boot.test.context.SpringBootTestContextBootstrapper=true}', contextCustomizers = set[org.springframework.boot.test.autoconfigure.properties.PropertyMappingContextCustomizer@0, org.springframework.boot.test.autoconfigure.web.servlet.WebDriverContextCustomizerFactory$Customizer@6358ee37, org.springframework.boot.test.context.filter.ExcludeFilterContextCustomizer@2ab4041, org.springframework.boot.test.json.DuplicateJsonObjectContextCustomizerFactory$DuplicateJsonObjectContextCustomizer@37ec8d87, org.springframework.boot.test.mock.mockito.MockitoContextCustomizer@0, org.springframework.boot.test.web.client.TestRestTemplateContextCustomizer@7a9ea5c4], resourceBasePath = 'src/main/webapp', contextLoader = 'org.springframework.boot.test.context.SpringBootContextLoader', parent = [null]], attributes = map['org.springframework.test.context.web.ServletTestExecutionListener.activateListener' -> true]], class annotated with @DirtiesContext [false] with mode [null].
15:59:03.185 [Test worker] DEBUG org.springframework.test.annotation.ProfileValueUtils - Retrieved @ProfileValueSourceConfiguration [null] for test class [com.trilogyed.rewardsservice.RewardsServiceApplicationTests]
15:59:03.185 [Test worker] DEBUG org.springframework.test.annotation.ProfileValueUtils - Retrieved ProfileValueSource type [class org.springframework.test.annotation.SystemProfileValueSource] for class [com.trilogyed.rewardsservice.RewardsServiceApplicationTests]
15:59:03.208 [Test worker] DEBUG org.springframework.test.context.support.TestPropertySourceUtils - Adding inlined properties to environment: {spring.jmx.enabled=false, org.springframework.boot.test.context.SpringBootTestContextBootstrapper=true, server.port=-1}
2019-10-07 15:59:04.056  INFO 16332 --- [    Test worker] trationDelegate$BeanPostProcessorChecker : Bean 'org.springframework.cloud.autoconfigure.ConfigurationPropertiesRebinderAutoConfiguration' of type [org.springframework.cloud.autoconfigure.ConfigurationPropertiesRebinderAutoConfiguration$$EnhancerBySpringCGLIB$$ef1194b5] is not eligible for getting processed by all BeanPostProcessors (for example: not eligible for auto-proxying)

  .   ____          _            __ _ _
 /\\ / ___'_ __ _ _(_)_ __  __ _ \ \ \ \
( ( )\___ | '_ | '_| | '_ \/ _` | \ \ \ \
 \\/  ___)| |_)| | | | | || (_| |  ) ) ) )
  '  |____| .__|_| |_|_| |_\__, | / / / /
 =========|_|==============|___/=/_/_/_/
 :: Spring Boot ::        (v2.1.8.RELEASE)

2019-10-07 15:59:04.504  INFO 16332 --- [    Test worker] c.t.r.RewardsServiceApplicationTests     : No active profile set, falling back to default profiles: default
2019-10-07 15:59:04.997  INFO 16332 --- [    Test worker] .s.d.r.c.RepositoryConfigurationDelegate : Bootstrapping Spring Data repositories in DEFAULT mode.
2019-10-07 15:59:05.068  INFO 16332 --- [    Test worker] .s.d.r.c.RepositoryConfigurationDelegate : Finished Spring Data repository scanning in 62ms. Found 1 repository interfaces.
2019-10-07 15:59:05.362  INFO 16332 --- [    Test worker] o.s.cloud.context.scope.GenericScope     : BeanFactory id=169bb952-b02e-3a20-8855-bcf5549d0abc
2019-10-07 15:59:05.486  INFO 16332 --- [    Test worker] trationDelegate$BeanPostProcessorChecker : Bean 'org.springframework.transaction.annotation.ProxyTransactionManagementConfiguration' of type [org.springframework.transaction.annotation.ProxyTransactionManagementConfiguration$$EnhancerBySpringCGLIB$$d2f791b8] is not eligible for getting processed by all BeanPostProcessors (for example: not eligible for auto-proxying)
2019-10-07 15:59:05.519  INFO 16332 --- [    Test worker] trationDelegate$BeanPostProcessorChecker : Bean 'org.springframework.hateoas.config.HateoasConfiguration' of type [org.springframework.hateoas.config.HateoasConfiguration$$EnhancerBySpringCGLIB$$5277deea] is not eligible for getting processed by all BeanPostProcessors (for example: not eligible for auto-proxying)
2019-10-07 15:59:05.529  INFO 16332 --- [    Test worker] trationDelegate$BeanPostProcessorChecker : Bean 'org.springframework.cloud.autoconfigure.ConfigurationPropertiesRebinderAutoConfiguration' of type [org.springframework.cloud.autoconfigure.ConfigurationPropertiesRebinderAutoConfiguration$$EnhancerBySpringCGLIB$$ef1194b5] is not eligible for getting processed by all BeanPostProcessors (for example: not eligible for auto-proxying)
2019-10-07 15:59:05.752  INFO 16332 --- [    Test worker] com.zaxxer.hikari.HikariDataSource       : HikariPool-1 - Starting...
2019-10-07 15:59:05.939  INFO 16332 --- [    Test worker] com.zaxxer.hikari.HikariDataSource       : HikariPool-1 - Start completed.
2019-10-07 15:59:06.017  INFO 16332 --- [    Test worker] o.hibernate.jpa.internal.util.LogHelper  : HHH000204: Processing PersistenceUnitInfo [
	name: default
	...]
2019-10-07 15:59:06.101  INFO 16332 --- [    Test worker] org.hibernate.Version                    : HHH000412: Hibernate Core {5.3.11.Final}
2019-10-07 15:59:06.103  INFO 16332 --- [    Test worker] org.hibernate.cfg.Environment            : HHH000206: hibernate.properties not found
2019-10-07 15:59:06.267  INFO 16332 --- [    Test worker] o.hibernate.annotations.common.Version   : HCANN000001: Hibernate Commons Annotations {5.0.4.Final}
2019-10-07 15:59:06.420  INFO 16332 --- [    Test worker] org.hibernate.dialect.Dialect            : HHH000400: Using dialect: org.hibernate.dialect.H2Dialect
2019-10-07 15:59:06.969  INFO 16332 --- [    Test worker] o.h.t.schema.internal.SchemaCreatorImpl  : HHH000476: Executing import script 'org.hibernate.tool.schema.internal.exec.ScriptSourceInputNonExistentImpl@6e5d4ff7'
2019-10-07 15:59:06.971  INFO 16332 --- [    Test worker] j.LocalContainerEntityManagerFactoryBean : Initialized JPA EntityManagerFactory for persistence unit 'default'
2019-10-07 15:59:07.703  WARN 16332 --- [    Test worker] c.n.c.sources.URLConfigurationSource     : No URLs will be polled as dynamic configuration sources.
2019-10-07 15:59:07.703  INFO 16332 --- [    Test worker] c.n.c.sources.URLConfigurationSource     : To enable URLs as dynamic configuration sources, define System property archaius.configurationSource.additionalUrls or make config.properties available on classpath.
2019-10-07 15:59:07.710  WARN 16332 --- [    Test worker] c.n.c.sources.URLConfigurationSource     : No URLs will be polled as dynamic configuration sources.
2019-10-07 15:59:07.710  INFO 16332 --- [    Test worker] c.n.c.sources.URLConfigurationSource     : To enable URLs as dynamic configuration sources, define System property archaius.configurationSource.additionalUrls or make config.properties available on classpath.
2019-10-07 15:59:08.212  INFO 16332 --- [    Test worker] o.s.s.concurrent.ThreadPoolTaskExecutor  : Initializing ExecutorService 'applicationTaskExecutor'
2019-10-07 15:59:08.277  WARN 16332 --- [    Test worker] aWebConfiguration$JpaWebMvcConfiguration : spring.jpa.open-in-view is enabled by default. Therefore, database queries may be performed during view rendering. Explicitly configure spring.jpa.open-in-view to disable this warning
2019-10-07 15:59:09.698  INFO 16332 --- [    Test worker] c.t.r.RewardsServiceApplicationTests     : Started RewardsServiceApplicationTests in 6.48 seconds (JVM running for 7.487)
]]></system-out>
  <system-err><![CDATA[]]></system-err>
</testsuite>
